<?xml version="1.0" encoding="UTF-8" ?>
<testsuite failures="0" time="1.313" errors="0" skipped="0" tests="39" name="org.apache.mina.core.buffer.IoBufferTest">
  <properties>
[...]
</properties>
  <testcase time="1.063" classname="org.apache.mina.core.buffer.IoBufferTest" name="testNormalizeCapacity"/>
  <testcase time="0" classname="org.apache.mina.core.buffer.IoBufferTest" name="autoExpand"/>
  <testcase time="0.007" classname="org.apache.mina.core.buffer.IoBufferTest" name="testObjectSerialization"/>
  <testcase time="0.001" classname="org.apache.mina.core.buffer.IoBufferTest" name="testNonserializableClass"/>
  <testcase time="0.001" classname="org.apache.mina.core.buffer.IoBufferTest" name="testNonserializableInterface"/>
  <testcase time="0.012" classname="org.apache.mina.core.buffer.IoBufferTest" name="testAllocate"/>
  <testcase time="0.041" classname="org.apache.mina.core.buffer.IoBufferTest" name="testAutoExpand"/>
  <testcase time="0" classname="org.apache.mina.core.buffer.IoBufferTest" name="testAutoExpandMark"/>
  <testcase time="0.001" classname="org.apache.mina.core.buffer.IoBufferTest" name="testAutoShrink"/>
  <testcase time="0.001" classname="org.apache.mina.core.buffer.IoBufferTest" name="testGetString"/>
  <testcase time="0.013" classname="org.apache.mina.core.buffer.IoBufferTest" name="testGetStringWithFailure"/>
  <testcase time="0.001" classname="org.apache.mina.core.buffer.IoBufferTest" name="testPutString"/>
  <testcase time="0" classname="org.apache.mina.core.buffer.IoBufferTest" name="testGetPrefixedString"/>
  <testcase time="0" classname="org.apache.mina.core.buffer.IoBufferTest" name="testPutPrefixedString"/>
  <testcase time="0" classname="org.apache.mina.core.buffer.IoBufferTest" name="testPutPrefixedStringWithPrefixLength"/>
  <testcase time="0.003" classname="org.apache.mina.core.buffer.IoBufferTest" name="testPutPrefixedStringWithPadding"/>
  <testcase time="0.102" classname="org.apache.mina.core.buffer.IoBufferTest" name="testWideUtf8Characters"/>
  <testcase time="0.005" classname="org.apache.mina.core.buffer.IoBufferTest" name="testInheritedObjectSerialization"/>
  <testcase time="0" classname="org.apache.mina.core.buffer.IoBufferTest" name="testSweepWithZeros"/>
  <testcase time="0" classname="org.apache.mina.core.buffer.IoBufferTest" name="testSweepNonZeros"/>
  <testcase time="0" classname="org.apache.mina.core.buffer.IoBufferTest" name="testWrapNioBuffer"/>
  <testcase time="0" classname="org.apache.mina.core.buffer.IoBufferTest" name="testWrapSubArray"/>
  <testcase time="0" classname="org.apache.mina.core.buffer.IoBufferTest" name="testDuplicate"/>
  <testcase time="0" classname="org.apache.mina.core.buffer.IoBufferTest" name="testSlice"/>
  <testcase time="0.001" classname="org.apache.mina.core.buffer.IoBufferTest" name="testReadOnlyBuffer"/>
  <testcase time="0.001" classname="org.apache.mina.core.buffer.IoBufferTest" name="testGetUnsigned"/>
  <testcase time="0.001" classname="org.apache.mina.core.buffer.IoBufferTest" name="testIndexOf"/>
  <testcase time="0.001" classname="org.apache.mina.core.buffer.IoBufferTest" name="testPutEnumSet"/>
  <testcase time="0" classname="org.apache.mina.core.buffer.IoBufferTest" name="testGetEnumSet"/>
  <testcase time="0.001" classname="org.apache.mina.core.buffer.IoBufferTest" name="testBitVectorOverFlow"/>
  <testcase time="0" classname="org.apache.mina.core.buffer.IoBufferTest" name="testGetPutEnum"/>
  <testcase time="0" classname="org.apache.mina.core.buffer.IoBufferTest" name="testGetMediumInt"/>
  <testcase time="0" classname="org.apache.mina.core.buffer.IoBufferTest" name="testPutMediumInt"/>
  <testcase time="0" classname="org.apache.mina.core.buffer.IoBufferTest" name="testPutUnsigned"/>
  <testcase time="0" classname="org.apache.mina.core.buffer.IoBufferTest" name="testPutUnsignedIndex"/>
  <testcase time="0" classname="org.apache.mina.core.buffer.IoBufferTest" name="testPutUnsignedShort"/>
  <testcase time="0" classname="org.apache.mina.core.buffer.IoBufferTest" name="testPutUnsignedShortIndex"/>
  <testcase time="0" classname="org.apache.mina.core.buffer.IoBufferTest" name="testPutUnsignedInt"/>
  <testcase time="0" classname="org.apache.mina.core.buffer.IoBufferTest" name="testPutUnsignedIntIndex"/>
</testsuite>