<?xml version="1.0" encoding="UTF-8" ?>
<testsuite failures="0" time="0.077" errors="0" skipped="0" tests="10" name="org.apache.mina.statemachine.transition.MethodTransitionTest">
  <properties>
[...]
</properties>
  <testcase time="0.03" classname="org.apache.mina.statemachine.transition.MethodTransitionTest" name="testExecuteWrongEventId"/>
  <testcase time="0.008" classname="org.apache.mina.statemachine.transition.MethodTransitionTest" name="testExecuteNoArgsMethodOnNoArgsEvent"/>
  <testcase time="0.005" classname="org.apache.mina.statemachine.transition.MethodTransitionTest" name="testExecuteNoArgsMethodOnArgsEvent"/>
  <testcase time="0.005" classname="org.apache.mina.statemachine.transition.MethodTransitionTest" name="testExecuteExactArgsMethodOnNoArgsEvent"/>
  <testcase time="0.005" classname="org.apache.mina.statemachine.transition.MethodTransitionTest" name="testExecuteExactArgsMethodOnArgsEvent"/>
  <testcase time="0.005" classname="org.apache.mina.statemachine.transition.MethodTransitionTest" name="testExecuteSubsetExactArgsMethodOnNoArgsEvent"/>
  <testcase time="0.004" classname="org.apache.mina.statemachine.transition.MethodTransitionTest" name="testExecuteSubsetExactArgsMethodOnArgsEvent"/>
  <testcase time="0.005" classname="org.apache.mina.statemachine.transition.MethodTransitionTest" name="testExecuteAllArgsMethodOnArgsEvent"/>
  <testcase time="0.004" classname="org.apache.mina.statemachine.transition.MethodTransitionTest" name="testExecuteSubsetAllArgsMethod1OnArgsEvent"/>
  <testcase time="0.004" classname="org.apache.mina.statemachine.transition.MethodTransitionTest" name="testExecuteSubsetAllArgsMethod2OnArgsEvent"/>
</testsuite>